<?xml version="1.0" encoding="UTF-8"?>
<testsuite xmlns:xsi="http://www.w3.org/2001/XMLSchema-instance" xsi:noNamespaceSchemaLocation="https://maven.apache.org/surefire/maven-surefire-plugin/xsd/surefire-test-report-3.0.xsd" version="3.0" name="TestSuite" time="132.915" tests="27" errors="0" skipped="0" failures="0">
  <properties>
    <property name="sun.desktop" value="windows"/>
    <property name="awt.toolkit" value="sun.awt.windows.WToolkit"/>
    <property name="file.encoding.pkg" value="sun.io"/>
    <property name="java.specification.version" value="1.8"/>
    <property name="sun.cpu.isalist" value="amd64"/>
    <property name="sun.jnu.encoding" value="Cp1252"/>
    <property name="java.class.path" value="E:\PROFESSIONAL\eclipse workspace\MyFirstProject\target\test-classes;E:\PROFESSIONAL\eclipse workspace\MyFirstProject\target\classes;C:\Users\sakka\.m2\repository\org\testng\testng\6.14.3\testng-6.14.3.jar;C:\Users\sakka\.m2\repository\com\beust\jcommander\1.72\jcommander-1.72.jar;C:\Users\sakka\.m2\repository\org\apache-extras\beanshell\bsh\2.0b6\bsh-2.0b6.jar;C:\Users\sakka\.m2\repository\org\seleniumhq\selenium\selenium-java\3.141.59\selenium-java-3.141.59.jar;C:\Users\sakka\.m2\repository\org\seleniumhq\selenium\selenium-api\3.141.59\selenium-api-3.141.59.jar;C:\Users\sakka\.m2\repository\org\seleniumhq\selenium\selenium-chrome-driver\3.141.59\selenium-chrome-driver-3.141.59.jar;C:\Users\sakka\.m2\repository\org\seleniumhq\selenium\selenium-edge-driver\3.141.59\selenium-edge-driver-3.141.59.jar;C:\Users\sakka\.m2\repository\org\seleniumhq\selenium\selenium-firefox-driver\3.141.59\selenium-firefox-driver-3.141.59.jar;C:\Users\sakka\.m2\repository\org\seleniumhq\selenium\selenium-ie-driver\3.141.59\selenium-ie-driver-3.141.59.jar;C:\Users\sakka\.m2\repository\org\seleniumhq\selenium\selenium-opera-driver\3.141.59\selenium-opera-driver-3.141.59.jar;C:\Users\sakka\.m2\repository\org\seleniumhq\selenium\selenium-remote-driver\3.141.59\selenium-remote-driver-3.141.59.jar;C:\Users\sakka\.m2\repository\org\seleniumhq\selenium\selenium-safari-driver\3.141.59\selenium-safari-driver-3.141.59.jar;C:\Users\sakka\.m2\repository\org\seleniumhq\selenium\selenium-support\3.141.59\selenium-support-3.141.59.jar;C:\Users\sakka\.m2\repository\net\bytebuddy\byte-buddy\1.8.15\byte-buddy-1.8.15.jar;C:\Users\sakka\.m2\repository\org\apache\commons\commons-exec\1.3\commons-exec-1.3.jar;C:\Users\sakka\.m2\repository\com\google\guava\guava\25.0-jre\guava-25.0-jre.jar;C:\Users\sakka\.m2\repository\com\google\code\findbugs\jsr305\1.3.9\jsr305-1.3.9.jar;C:\Users\sakka\.m2\repository\org\checkerframework\checker-compat-qual\2.0.0\checker-compat-qual-2.0.0.jar;C:\Users\sakka\.m2\repository\com\google\errorprone\error_prone_annotations\2.1.3\error_prone_annotations-2.1.3.jar;C:\Users\sakka\.m2\repository\com\google\j2objc\j2objc-annotations\1.1\j2objc-annotations-1.1.jar;C:\Users\sakka\.m2\repository\org\codehaus\mojo\animal-sniffer-annotations\1.14\animal-sniffer-annotations-1.14.jar;C:\Users\sakka\.m2\repository\com\squareup\okhttp3\okhttp\3.11.0\okhttp-3.11.0.jar;C:\Users\sakka\.m2\repository\com\squareup\okio\okio\1.14.0\okio-1.14.0.jar;"/>
    <property name="java.vm.vendor" value="Oracle Corporation"/>
    <property name="sun.arch.data.model" value="64"/>
    <property name="user.variant" value=""/>
    <property name="java.vendor.url" value="http://java.oracle.com/"/>
    <property name="user.timezone" value="Asia/Calcutta"/>
    <property name="java.vm.specification.version" value="1.8"/>
    <property name="os.name" value="Windows 10"/>
    <property name="user.country" value="IN"/>
    <property name="sun.java.launcher" value="SUN_STANDARD"/>
    <property name="sun.boot.library.path" value="C:\Program Files\Java\jdk1.8.0_333\jre\bin"/>
    <property name="sun.java.command" value="C:\Users\sakka\AppData\Local\Temp\surefire8326659416086518818\surefirebooter5719779879319673246.jar C:\Users\sakka\AppData\Local\Temp\surefire8326659416086518818 2022-06-22T13-28-23_047-jvmRun1 surefire1907997910338506854tmp surefire_01662077710597682552tmp"/>
    <property name="surefire.test.class.path" value="E:\PROFESSIONAL\eclipse workspace\MyFirstProject\target\test-classes;E:\PROFESSIONAL\eclipse workspace\MyFirstProject\target\classes;C:\Users\sakka\.m2\repository\org\testng\testng\6.14.3\testng-6.14.3.jar;C:\Users\sakka\.m2\repository\com\beust\jcommander\1.72\jcommander-1.72.jar;C:\Users\sakka\.m2\repository\org\apache-extras\beanshell\bsh\2.0b6\bsh-2.0b6.jar;C:\Users\sakka\.m2\repository\org\seleniumhq\selenium\selenium-java\3.141.59\selenium-java-3.141.59.jar;C:\Users\sakka\.m2\repository\org\seleniumhq\selenium\selenium-api\3.141.59\selenium-api-3.141.59.jar;C:\Users\sakka\.m2\repository\org\seleniumhq\selenium\selenium-chrome-driver\3.141.59\selenium-chrome-driver-3.141.59.jar;C:\Users\sakka\.m2\repository\org\seleniumhq\selenium\selenium-edge-driver\3.141.59\selenium-edge-driver-3.141.59.jar;C:\Users\sakka\.m2\repository\org\seleniumhq\selenium\selenium-firefox-driver\3.141.59\selenium-firefox-driver-3.141.59.jar;C:\Users\sakka\.m2\repository\org\seleniumhq\selenium\selenium-ie-driver\3.141.59\selenium-ie-driver-3.141.59.jar;C:\Users\sakka\.m2\repository\org\seleniumhq\selenium\selenium-opera-driver\3.141.59\selenium-opera-driver-3.141.59.jar;C:\Users\sakka\.m2\repository\org\seleniumhq\selenium\selenium-remote-driver\3.141.59\selenium-remote-driver-3.141.59.jar;C:\Users\sakka\.m2\repository\org\seleniumhq\selenium\selenium-safari-driver\3.141.59\selenium-safari-driver-3.141.59.jar;C:\Users\sakka\.m2\repository\org\seleniumhq\selenium\selenium-support\3.141.59\selenium-support-3.141.59.jar;C:\Users\sakka\.m2\repository\net\bytebuddy\byte-buddy\1.8.15\byte-buddy-1.8.15.jar;C:\Users\sakka\.m2\repository\org\apache\commons\commons-exec\1.3\commons-exec-1.3.jar;C:\Users\sakka\.m2\repository\com\google\guava\guava\25.0-jre\guava-25.0-jre.jar;C:\Users\sakka\.m2\repository\com\google\code\findbugs\jsr305\1.3.9\jsr305-1.3.9.jar;C:\Users\sakka\.m2\repository\org\checkerframework\checker-compat-qual\2.0.0\checker-compat-qual-2.0.0.jar;C:\Users\sakka\.m2\repository\com\google\errorprone\error_prone_annotations\2.1.3\error_prone_annotations-2.1.3.jar;C:\Users\sakka\.m2\repository\com\google\j2objc\j2objc-annotations\1.1\j2objc-annotations-1.1.jar;C:\Users\sakka\.m2\repository\org\codehaus\mojo\animal-sniffer-annotations\1.14\animal-sniffer-annotations-1.14.jar;C:\Users\sakka\.m2\repository\com\squareup\okhttp3\okhttp\3.11.0\okhttp-3.11.0.jar;C:\Users\sakka\.m2\repository\com\squareup\okio\okio\1.14.0\okio-1.14.0.jar;"/>
    <property name="sun.cpu.endian" value="little"/>
    <property name="user.home" value="C:\Users\sakka"/>
    <property name="user.language" value="en"/>
    <property name="java.specification.vendor" value="Oracle Corporation"/>
    <property name="java.home" value="C:\Program Files\Java\jdk1.8.0_333\jre"/>
    <property name="basedir" value="E:\PROFESSIONAL\eclipse workspace\MyFirstProject"/>
    <property name="file.separator" value="\"/>
    <property name="line.separator" value="&#10;"/>
    <property name="java.vm.specification.vendor" value="Oracle Corporation"/>
    <property name="java.specification.name" value="Java Platform API Specification"/>
    <property name="java.awt.graphicsenv" value="sun.awt.Win32GraphicsEnvironment"/>
    <property name="surefire.real.class.path" value="C:\Users\sakka\AppData\Local\Temp\surefire8326659416086518818\surefirebooter5719779879319673246.jar"/>
    <property name="sun.boot.class.path" value="C:\Program Files\Java\jdk1.8.0_333\jre\lib\resources.jar;C:\Program Files\Java\jdk1.8.0_333\jre\lib\rt.jar;C:\Program Files\Java\jdk1.8.0_333\jre\lib\sunrsasign.jar;C:\Program Files\Java\jdk1.8.0_333\jre\lib\jsse.jar;C:\Program Files\Java\jdk1.8.0_333\jre\lib\jce.jar;C:\Program Files\Java\jdk1.8.0_333\jre\lib\charsets.jar;C:\Program Files\Java\jdk1.8.0_333\jre\lib\jfr.jar;C:\Program Files\Java\jdk1.8.0_333\jre\classes"/>
    <property name="user.script" value=""/>
    <property name="sun.management.compiler" value="HotSpot 64-Bit Tiered Compilers"/>
    <property name="java.runtime.version" value="1.8.0_333-b02"/>
    <property name="user.name" value="sakka"/>
    <property name="path.separator" value=";"/>
    <property name="os.version" value="10.0"/>
    <property name="java.endorsed.dirs" value="C:\Program Files\Java\jdk1.8.0_333\jre\lib\endorsed"/>
    <property name="java.runtime.name" value="Java(TM) SE Runtime Environment"/>
    <property name="file.encoding" value="Cp1252"/>
    <property name="java.vm.name" value="Java HotSpot(TM) 64-Bit Server VM"/>
    <property name="localRepository" value="C:\Users\sakka\.m2\repository"/>
    <property name="java.vendor.url.bug" value="http://bugreport.sun.com/bugreport/"/>
    <property name="java.io.tmpdir" value="C:\Users\sakka\AppData\Local\Temp\"/>
    <property name="java.version" value="1.8.0_333"/>
    <property name="user.dir" value="E:\PROFESSIONAL\eclipse workspace\MyFirstProject"/>
    <property name="os.arch" value="amd64"/>
    <property name="java.vm.specification.name" value="Java Virtual Machine Specification"/>
    <property name="java.awt.printerjob" value="sun.awt.windows.WPrinterJob"/>
    <property name="sun.os.patch.level" value=""/>
    <property name="java.library.path" value="C:\Program Files\Java\jdk1.8.0_333\jre\bin;C:\Windows\Sun\Java\bin;C:\Windows\system32;C:\Windows;C:\Program Files\Java\jdk1.8.0_333\bin;C:\Program Files\Java\jre1.8.0_333\bin;E:\PROFESSIONAL\selenium-jars&amp;drivers\Maven\apache-maven-3.8.6\bin;C:\Windows\system32;C:\Windows;C:\Windows\System32\Wbem;C:\Windows\System32\WindowsPowerShell\v1.0\;C:\Windows\System32\OpenSSH\;C:\Users\sakka\AppData\Local\Programs\Python\Python39\Scripts\;C:\Users\sakka\AppData\Local\Programs\Python\Python39\;E:\python installation\Scripts\;E:\python installation\;C:\Users\sakka\AppData\Local\Microsoft\WindowsApps;C:\Program Files\CodeBlocks\MinGW\bin;;E:\pycharm installation\PyCharm Community Edition 2020.3.3\bin;;."/>
    <property name="java.vm.info" value="mixed mode"/>
    <property name="java.vendor" value="Oracle Corporation"/>
    <property name="java.vm.version" value="25.333-b02"/>
    <property name="java.ext.dirs" value="C:\Program Files\Java\jdk1.8.0_333\jre\lib\ext;C:\Windows\Sun\Java\lib\ext"/>
    <property name="sun.io.unicode.encoding" value="UnicodeLittle"/>
    <property name="java.class.version" value="52.0"/>
  </properties>
  <testcase name="TestCase_001" classname="com.webdriveruniversity.testcases.Login_Page_Test" time="1.634"/>
  <testcase name="TestCase_002" classname="com.webdriveruniversity.testcases.Login_Page_Test" time="1.262"/>
  <testcase name="TestCase_003" classname="com.webdriveruniversity.testcases.Login_Page_Test" time="0.487"/>
  <testcase name="TestCase_004" classname="com.webdriveruniversity.testcases.Login_Page_Test" time="0.485"/>
  <testcase name="TestCase_005" classname="com.webdriveruniversity.testcases.Login_Page_Test" time="0.55"/>
  <testcase name="TestCase_006" classname="com.webdriveruniversity.testcases.Buttons_Page_Test" time="0.873"/>
  <testcase name="TestCase_007" classname="com.webdriveruniversity.testcases.Buttons_Page_Test" time="2.244"/>
  <testcase name="TestCase_008" classname="com.webdriveruniversity.testcases.Buttons_Page_Test" time="2.193"/>
  <testcase name="TestCase_009" classname="com.webdriveruniversity.testcases.Buttons_Page_Test" time="4.319"/>
  <testcase name="Test_Case_010" classname="com.webdriveruniversity.testcases.To_do_List_Test" time="1.173"/>
  <testcase name="Test_Case_011" classname="com.webdriveruniversity.testcases.To_do_List_Test" time="2.151"/>
  <testcase name="Test_Case_012" classname="com.webdriveruniversity.testcases.To_do_List_Test" time="2.168"/>
  <testcase name="Test_Case_013" classname="com.webdriveruniversity.testcases.To_do_List_Test" time="2.195"/>
  <testcase name="Test_Case_014" classname="com.webdriveruniversity.testcases.To_do_List_Test" time="2.228"/>
  <testcase name="Test_Case_015" classname="com.webdriveruniversity.testcases.To_do_List_Test" time="2.163"/>
  <testcase name="Test_Case_016" classname="com.webdriveruniversity.testcases.To_do_List_Test" time="2.155"/>
  <testcase name="Test_Case_017" classname="com.webdriveruniversity.testcases.To_do_List_Test" time="8.428"/>
  <testcase name="Test_Case_018" classname="com.webdriveruniversity.testcases.To_do_List_Test" time="3.043"/>
  <testcase name="Test_Case_019" classname="com.webdriveruniversity.testcases.DCR_Page_Test" time="4.517"/>
  <testcase name="Test_Case_020" classname="com.webdriveruniversity.testcases.DCR_Page_Test" time="11.964"/>
  <testcase name="Test_Case_021" classname="com.webdriveruniversity.testcases.DCR_Page_Test" time="11.954"/>
  <testcase name="Test_Case_022" classname="com.webdriveruniversity.testcases.DCR_Page_Test" time="11.94"/>
  <testcase name="Test_Case_023" classname="com.webdriveruniversity.testcases.DCR_Page_Test" time="2.253"/>
  <testcase name="Test_Case_024" classname="com.webdriveruniversity.testcases.DCR_Page_Test" time="2.191"/>
  <testcase name="Test_Case_025" classname="com.webdriveruniversity.testcases.DCR_Page_Test" time="2.197"/>
  <testcase name="Test_Case_026" classname="com.webdriveruniversity.testcases.DCR_Page_Test" time="2.189"/>
  <testcase name="Test_Case_027" classname="com.webdriveruniversity.testcases.DCR_Page_Test" time="11.263"/>
</testsuite>