<?xml version="1.0" encoding="UTF-8"?>
<!-- Generated by org.testng.reporters.JUnitReportReporter -->
<testsuite skipped="0" hostname="DESKTOP-NALDS22" name="com.webdriveruniversity.testcases.To_do_List_Test" tests="9" failures="0" timestamp="27 Jun 2022 06:58:45 GMT" time="5.585" errors="0">
  <testcase name="Test_Case_013" time="0.161" classname="com.webdriveruniversity.testcases.To_do_List_Test"/>
  <testcase name="Test_Case_017" time="1.928" classname="com.webdriveruniversity.testcases.To_do_List_Test"/>
  <testcase name="Test_Case_012" time="0.860" classname="com.webdriveruniversity.testcases.To_do_List_Test"/>
  <testcase name="Test_Case_014" time="0.196" classname="com.webdriveruniversity.testcases.To_do_List_Test"/>
  <testcase name="Test_Case_011" time="0.152" classname="com.webdriveruniversity.testcases.To_do_List_Test"/>
  <testcase name="Test_Case_010" time="1.228" classname="com.webdriveruniversity.testcases.To_do_List_Test"/>
  <testcase name="Test_Case_016" time="0.174" classname="com.webdriveruniversity.testcases.To_do_List_Test"/>
  <testcase name="Test_Case_015" time="0.166" classname="com.webdriveruniversity.testcases.To_do_List_Test"/>
  <testcase name="Test_Case_018" time="0.720" classname="com.webdriveruniversity.testcases.To_do_List_Test"/>
</testsuite> <!-- com.webdriveruniversity.testcases.To_do_List_Test -->
