<?xml version="1.0" encoding="UTF-8"?>
<!-- Generated by org.testng.reporters.JUnitReportReporter -->
<testsuite skipped="0" hostname="DESKTOP-NALDS22" name="com.webdriveruniversity.testcases.Login_Page_Test" tests="5" failures="0" timestamp="09 Jul 2022 08:51:57 GMT" time="11.172" errors="0">
  <testcase name="TestCase_005" time="0.582" classname="com.webdriveruniversity.testcases.Login_Page_Test"/>
  <testcase name="TestCase_001" time="3.032" classname="com.webdriveruniversity.testcases.Login_Page_Test"/>
  <testcase name="TestCase_002" time="6.266" classname="com.webdriveruniversity.testcases.Login_Page_Test"/>
  <testcase name="TestCase_003" time="0.706" classname="com.webdriveruniversity.testcases.Login_Page_Test"/>
  <testcase name="TestCase_004" time="0.586" classname="com.webdriveruniversity.testcases.Login_Page_Test"/>
</testsuite> <!-- com.webdriveruniversity.testcases.Login_Page_Test -->
