<?xml version="1.0" encoding="UTF-8"?>
<!-- Generated by org.testng.reporters.JUnitReportReporter -->
<testsuite skipped="0" hostname="DESKTOP-NALDS22" name="com.webdriveruniversity.testcases.Buttons_Page_Test" tests="4" failures="0" timestamp="03 Sep 2022 07:00:13 GMT" time="5.763" errors="0">
  <testcase name="TestCase_007" time="0.870" classname="com.webdriveruniversity.testcases.Buttons_Page_Test"/>
  <testcase name="TestCase_009" time="2.963" classname="com.webdriveruniversity.testcases.Buttons_Page_Test"/>
  <testcase name="TestCase_008" time="0.840" classname="com.webdriveruniversity.testcases.Buttons_Page_Test"/>
  <testcase name="TestCase_006" time="1.090" classname="com.webdriveruniversity.testcases.Buttons_Page_Test"/>
</testsuite> <!-- com.webdriveruniversity.testcases.Buttons_Page_Test -->
