<?xml version="1.0" encoding="UTF-8"?>
<!-- Generated by org.testng.reporters.JUnitReportReporter -->
<testsuite skipped="0" hostname="DESKTOP-NALDS22" name="com.sql.First_Query" tests="1" failures="0" timestamp="06 Jul 2022 12:50:21 GMT" time="0.316" errors="0">
  <testcase name="TC_Stored_Procedures" time="0.316" classname="com.sql.First_Query"/>
</testsuite> <!-- com.sql.First_Query -->
