<?xml version="1.0" encoding="UTF-8"?>
<!-- Generated by org.testng.reporters.JUnitReportReporter -->
<testsuite skipped="0" hostname="DESKTOP-NALDS22" name="com.webdriveruniversity.testcases.To_do_List_Test" tests="9" failures="0" timestamp="04 Jul 2022 09:13:01 GMT" time="5.293" errors="0">
  <testcase name="Test_Case_010" time="1.316" classname="com.webdriveruniversity.testcases.To_do_List_Test"/>
  <testcase name="Test_Case_011" time="0.114" classname="com.webdriveruniversity.testcases.To_do_List_Test"/>
  <testcase name="Test_Case_018" time="0.612" classname="com.webdriveruniversity.testcases.To_do_List_Test"/>
  <testcase name="Test_Case_016" time="0.142" classname="com.webdriveruniversity.testcases.To_do_List_Test"/>
  <testcase name="Test_Case_017" time="1.837" classname="com.webdriveruniversity.testcases.To_do_List_Test"/>
  <testcase name="Test_Case_014" time="0.175" classname="com.webdriveruniversity.testcases.To_do_List_Test"/>
  <testcase name="Test_Case_013" time="0.123" classname="com.webdriveruniversity.testcases.To_do_List_Test"/>
  <testcase name="Test_Case_015" time="0.152" classname="com.webdriveruniversity.testcases.To_do_List_Test"/>
  <testcase name="Test_Case_012" time="0.822" classname="com.webdriveruniversity.testcases.To_do_List_Test"/>
</testsuite> <!-- com.webdriveruniversity.testcases.To_do_List_Test -->
