<?xml version="1.0" encoding="UTF-8"?>
<!-- Generated by org.testng.reporters.JUnitReportReporter -->
<testsuite skipped="0" hostname="DESKTOP-NALDS22" name="com.webdriveruniversity.testcases.To_do_List_Test" tests="9" failures="0" timestamp="15 Jun 2022 15:28:53 GMT" time="25.951" errors="0">
  <testcase name="Test_Case_016" time="2.202" classname="com.webdriveruniversity.testcases.To_do_List_Test"/>
  <testcase name="Test_Case_010" time="1.379" classname="com.webdriveruniversity.testcases.To_do_List_Test"/>
  <testcase name="Test_Case_018" time="2.804" classname="com.webdriveruniversity.testcases.To_do_List_Test"/>
  <testcase name="Test_Case_017" time="8.398" classname="com.webdriveruniversity.testcases.To_do_List_Test"/>
  <testcase name="Test_Case_012" time="2.234" classname="com.webdriveruniversity.testcases.To_do_List_Test"/>
  <testcase name="Test_Case_015" time="2.213" classname="com.webdriveruniversity.testcases.To_do_List_Test"/>
  <testcase name="Test_Case_011" time="2.226" classname="com.webdriveruniversity.testcases.To_do_List_Test"/>
  <testcase name="Test_Case_014" time="2.266" classname="com.webdriveruniversity.testcases.To_do_List_Test"/>
  <testcase name="Test_Case_013" time="2.229" classname="com.webdriveruniversity.testcases.To_do_List_Test"/>
</testsuite> <!-- com.webdriveruniversity.testcases.To_do_List_Test -->
