<?xml version="1.0" encoding="UTF-8"?>
<!-- Generated by org.testng.reporters.JUnitReportReporter -->
<testsuite skipped="0" hostname="DESKTOP-NALDS22" name="com.webdriveruniversity.testcases.Buttons_Page_Test" tests="4" failures="0" timestamp="22 Jun 2022 14:22:57 GMT" time="10.132" errors="0">
  <testcase name="TestCase_006" time="1.179" classname="com.webdriveruniversity.testcases.Buttons_Page_Test"/>
  <testcase name="TestCase_007" time="2.330" classname="com.webdriveruniversity.testcases.Buttons_Page_Test"/>
  <testcase name="TestCase_008" time="2.231" classname="com.webdriveruniversity.testcases.Buttons_Page_Test"/>
  <testcase name="TestCase_009" time="4.392" classname="com.webdriveruniversity.testcases.Buttons_Page_Test"/>
</testsuite> <!-- com.webdriveruniversity.testcases.Buttons_Page_Test -->
