<?xml version="1.0" encoding="UTF-8"?>
<!-- Generated by org.testng.reporters.JUnitReportReporter -->
<testsuite skipped="0" hostname="DESKTOP-NALDS22" name="com.webdriveruniversity.testcases.To_do_List_Test" tests="9" failures="0" timestamp="03 Sep 2022 07:00:13 GMT" time="4.711" errors="0">
  <testcase name="Test_Case_015" time="0.121" classname="com.webdriveruniversity.testcases.To_do_List_Test"/>
  <testcase name="Test_Case_016" time="0.127" classname="com.webdriveruniversity.testcases.To_do_List_Test"/>
  <testcase name="Test_Case_017" time="1.856" classname="com.webdriveruniversity.testcases.To_do_List_Test"/>
  <testcase name="Test_Case_018" time="0.479" classname="com.webdriveruniversity.testcases.To_do_List_Test"/>
  <testcase name="Test_Case_010" time="1.007" classname="com.webdriveruniversity.testcases.To_do_List_Test"/>
  <testcase name="Test_Case_012" time="0.728" classname="com.webdriveruniversity.testcases.To_do_List_Test"/>
  <testcase name="Test_Case_014" time="0.135" classname="com.webdriveruniversity.testcases.To_do_List_Test"/>
  <testcase name="Test_Case_013" time="0.140" classname="com.webdriveruniversity.testcases.To_do_List_Test"/>
  <testcase name="Test_Case_011" time="0.118" classname="com.webdriveruniversity.testcases.To_do_List_Test"/>
</testsuite> <!-- com.webdriveruniversity.testcases.To_do_List_Test -->
