<?xml version="1.0" encoding="UTF-8"?>
<!-- Generated by org.testng.reporters.JUnitReportReporter -->
<testsuite skipped="0" hostname="DESKTOP-NALDS22" name="com.webdriveruniversity.testcases.Scrolling_Page_Test" tests="5" failures="0" timestamp="27 Jun 2022 06:58:45 GMT" time="3.139" errors="0">
  <testcase name="Test_Case_039" time="0.202" classname="com.webdriveruniversity.testcases.Scrolling_Page_Test"/>
  <testcase name="Test_Case_042" time="1.251" classname="com.webdriveruniversity.testcases.Scrolling_Page_Test"/>
  <testcase name="Test_Case_038" time="1.292" classname="com.webdriveruniversity.testcases.Scrolling_Page_Test"/>
  <testcase name="Test_Case_040" time="0.194" classname="com.webdriveruniversity.testcases.Scrolling_Page_Test"/>
  <testcase name="Test_Case_041" time="0.200" classname="com.webdriveruniversity.testcases.Scrolling_Page_Test"/>
</testsuite> <!-- com.webdriveruniversity.testcases.Scrolling_Page_Test -->
