<?xml version="1.0" encoding="UTF-8"?>
<!-- Generated by org.testng.reporters.JUnitReportReporter -->
<testsuite skipped="0" hostname="DESKTOP-NALDS22" name="com.webdriveruniversity.testcases.Login_Page_Test" tests="5" failures="0" timestamp="22 Jun 2022 14:22:57 GMT" time="4.164" errors="0">
  <testcase name="TestCase_001" time="1.207" classname="com.webdriveruniversity.testcases.Login_Page_Test"/>
  <testcase name="TestCase_002" time="1.489" classname="com.webdriveruniversity.testcases.Login_Page_Test"/>
  <testcase name="TestCase_004" time="0.472" classname="com.webdriveruniversity.testcases.Login_Page_Test"/>
  <testcase name="TestCase_005" time="0.451" classname="com.webdriveruniversity.testcases.Login_Page_Test"/>
  <testcase name="TestCase_003" time="0.545" classname="com.webdriveruniversity.testcases.Login_Page_Test"/>
</testsuite> <!-- com.webdriveruniversity.testcases.Login_Page_Test -->
