<?xml version="1.0" encoding="UTF-8"?>
<!-- Generated by org.testng.reporters.JUnitReportReporter -->
<testsuite skipped="0" hostname="DESKTOP-NALDS22" name="com.webdriveruniversity.testcases.DCR_Page_Test" tests="9" failures="0" timestamp="04 Jul 2022 09:13:01 GMT" time="7.648" errors="0">
  <testcase name="Test_Case_019" time="1.051" classname="com.webdriveruniversity.testcases.DCR_Page_Test"/>
  <testcase name="Test_Case_022" time="1.706" classname="com.webdriveruniversity.testcases.DCR_Page_Test"/>
  <testcase name="Test_Case_023" time="0.186" classname="com.webdriveruniversity.testcases.DCR_Page_Test"/>
  <testcase name="Test_Case_021" time="1.832" classname="com.webdriveruniversity.testcases.DCR_Page_Test"/>
  <testcase name="Test_Case_027" time="0.722" classname="com.webdriveruniversity.testcases.DCR_Page_Test"/>
  <testcase name="Test_Case_020" time="1.777" classname="com.webdriveruniversity.testcases.DCR_Page_Test"/>
  <testcase name="Test_Case_026" time="0.126" classname="com.webdriveruniversity.testcases.DCR_Page_Test"/>
  <testcase name="Test_Case_025" time="0.125" classname="com.webdriveruniversity.testcases.DCR_Page_Test"/>
  <testcase name="Test_Case_024" time="0.123" classname="com.webdriveruniversity.testcases.DCR_Page_Test"/>
</testsuite> <!-- com.webdriveruniversity.testcases.DCR_Page_Test -->
