<?xml version="1.0" encoding="UTF-8"?>
<!-- Generated by org.testng.reporters.JUnitReportReporter -->
<testsuite skipped="0" hostname="DESKTOP-NALDS22" name="com.webdriveruniversity.testcases.Scrolling_Page_Test" tests="5" failures="0" timestamp="03 Sep 2022 07:00:13 GMT" time="2.857" errors="0">
  <testcase name="Test_Case_039" time="0.210" classname="com.webdriveruniversity.testcases.Scrolling_Page_Test"/>
  <testcase name="Test_Case_040" time="0.196" classname="com.webdriveruniversity.testcases.Scrolling_Page_Test"/>
  <testcase name="Test_Case_042" time="1.277" classname="com.webdriveruniversity.testcases.Scrolling_Page_Test"/>
  <testcase name="Test_Case_041" time="0.190" classname="com.webdriveruniversity.testcases.Scrolling_Page_Test"/>
  <testcase name="Test_Case_038" time="0.984" classname="com.webdriveruniversity.testcases.Scrolling_Page_Test"/>
</testsuite> <!-- com.webdriveruniversity.testcases.Scrolling_Page_Test -->
