<?xml version="1.0" encoding="UTF-8"?>
<!-- Generated by org.testng.reporters.JUnitReportReporter -->
<testsuite skipped="0" hostname="DESKTOP-NALDS22" name="com.webdriveruniversity.testcases.Scrolling_Page_Test" tests="5" failures="0" timestamp="23 Jun 2022 07:52:44 GMT" time="3.726" errors="0">
  <testcase name="Test_Case_039" time="0.238" classname="com.webdriveruniversity.testcases.Scrolling_Page_Test"/>
  <testcase name="Test_Case_040" time="0.217" classname="com.webdriveruniversity.testcases.Scrolling_Page_Test"/>
  <testcase name="Test_Case_042" time="1.283" classname="com.webdriveruniversity.testcases.Scrolling_Page_Test"/>
  <testcase name="Test_Case_038" time="1.772" classname="com.webdriveruniversity.testcases.Scrolling_Page_Test"/>
  <testcase name="Test_Case_041" time="0.216" classname="com.webdriveruniversity.testcases.Scrolling_Page_Test"/>
</testsuite> <!-- com.webdriveruniversity.testcases.Scrolling_Page_Test -->
