<?xml version="1.0" encoding="UTF-8"?>
<!-- Generated by org.testng.reporters.JUnitReportReporter -->
<testsuite skipped="0" hostname="DESKTOP-NALDS22" name="com.webdriveruniversity.testcases.DCR_Page_Test" tests="9" failures="0" timestamp="15 Jun 2022 15:28:53 GMT" time="60.349" errors="0">
  <testcase name="Test_Case_022" time="12.114" classname="com.webdriveruniversity.testcases.DCR_Page_Test"/>
  <testcase name="Test_Case_025" time="2.195" classname="com.webdriveruniversity.testcases.DCR_Page_Test"/>
  <testcase name="Test_Case_027" time="11.107" classname="com.webdriveruniversity.testcases.DCR_Page_Test"/>
  <testcase name="Test_Case_026" time="2.174" classname="com.webdriveruniversity.testcases.DCR_Page_Test"/>
  <testcase name="Test_Case_021" time="12.116" classname="com.webdriveruniversity.testcases.DCR_Page_Test"/>
  <testcase name="Test_Case_020" time="12.432" classname="com.webdriveruniversity.testcases.DCR_Page_Test"/>
  <testcase name="Test_Case_019" time="3.766" classname="com.webdriveruniversity.testcases.DCR_Page_Test"/>
  <testcase name="Test_Case_023" time="2.252" classname="com.webdriveruniversity.testcases.DCR_Page_Test"/>
  <testcase name="Test_Case_024" time="2.193" classname="com.webdriveruniversity.testcases.DCR_Page_Test"/>
</testsuite> <!-- com.webdriveruniversity.testcases.DCR_Page_Test -->
