<?xml version="1.0" encoding="UTF-8"?>
<!-- Generated by org.testng.reporters.JUnitReportReporter -->
<testsuite skipped="0" hostname="DESKTOP-NALDS22" name="com.webdriveruniversity.testcases.Actions_Page_Test" tests="8" failures="0" timestamp="23 Jun 2022 07:52:44 GMT" time="3.925" errors="0">
  <testcase name="Test_Case_031" time="0.418" classname="com.webdriveruniversity.testcases.Actions_Page_Test"/>
  <testcase name="Test_Case_032" time="0.233" classname="com.webdriveruniversity.testcases.Actions_Page_Test"/>
  <testcase name="Test_Case_030" time="1.552" classname="com.webdriveruniversity.testcases.Actions_Page_Test"/>
  <testcase name="Test_Case_037" time="0.255" classname="com.webdriveruniversity.testcases.Actions_Page_Test"/>
  <testcase name="Test_Case_034" time="0.344" classname="com.webdriveruniversity.testcases.Actions_Page_Test"/>
  <testcase name="Test_Case_036" time="0.370" classname="com.webdriveruniversity.testcases.Actions_Page_Test"/>
  <testcase name="Test_Case_033" time="0.361" classname="com.webdriveruniversity.testcases.Actions_Page_Test"/>
  <testcase name="Test_Case_035" time="0.392" classname="com.webdriveruniversity.testcases.Actions_Page_Test"/>
</testsuite> <!-- com.webdriveruniversity.testcases.Actions_Page_Test -->
