<?xml version="1.0" encoding="UTF-8"?>
<!-- Generated by org.testng.reporters.JUnitReportReporter -->
<testsuite skipped="0" hostname="DESKTOP-NALDS22" name="com.webdriveruniversity.testcases.Scrolling_Page_Test" tests="5" failures="0" timestamp="09 Jul 2022 08:51:57 GMT" time="5.401" errors="0">
  <testcase name="Test_Case_039" time="0.218" classname="com.webdriveruniversity.testcases.Scrolling_Page_Test"/>
  <testcase name="Test_Case_040" time="0.188" classname="com.webdriveruniversity.testcases.Scrolling_Page_Test"/>
  <testcase name="Test_Case_042" time="1.256" classname="com.webdriveruniversity.testcases.Scrolling_Page_Test"/>
  <testcase name="Test_Case_041" time="0.188" classname="com.webdriveruniversity.testcases.Scrolling_Page_Test"/>
  <testcase name="Test_Case_038" time="3.551" classname="com.webdriveruniversity.testcases.Scrolling_Page_Test"/>
</testsuite> <!-- com.webdriveruniversity.testcases.Scrolling_Page_Test -->
