<?xml version="1.0" encoding="UTF-8"?>
<!-- Generated by org.testng.reporters.JUnitReportReporter -->
<testsuite skipped="0" hostname="DESKTOP-NALDS22" name="com.webdriveruniversity.testcases.DCR_Page_Test" tests="9" failures="0" timestamp="22 Jun 2022 14:22:57 GMT" time="59.694" errors="0">
  <testcase name="Test_Case_026" time="2.218" classname="com.webdriveruniversity.testcases.DCR_Page_Test"/>
  <testcase name="Test_Case_025" time="2.159" classname="com.webdriveruniversity.testcases.DCR_Page_Test"/>
  <testcase name="Test_Case_021" time="11.709" classname="com.webdriveruniversity.testcases.DCR_Page_Test"/>
  <testcase name="Test_Case_027" time="11.177" classname="com.webdriveruniversity.testcases.DCR_Page_Test"/>
  <testcase name="Test_Case_023" time="2.346" classname="com.webdriveruniversity.testcases.DCR_Page_Test"/>
  <testcase name="Test_Case_024" time="2.190" classname="com.webdriveruniversity.testcases.DCR_Page_Test"/>
  <testcase name="Test_Case_019" time="3.738" classname="com.webdriveruniversity.testcases.DCR_Page_Test"/>
  <testcase name="Test_Case_020" time="11.966" classname="com.webdriveruniversity.testcases.DCR_Page_Test"/>
  <testcase name="Test_Case_022" time="12.191" classname="com.webdriveruniversity.testcases.DCR_Page_Test"/>
</testsuite> <!-- com.webdriveruniversity.testcases.DCR_Page_Test -->
