<?xml version="1.0" encoding="UTF-8"?>
<!-- Generated by org.testng.reporters.JUnitReportReporter -->
<testsuite skipped="0" hostname="DESKTOP-NALDS22" name="com.webdriveruniversity.testcases.Buttons_Page_Test" tests="4" failures="0" timestamp="23 Jun 2022 07:52:44 GMT" time="7.296" errors="0">
  <testcase name="TestCase_006" time="2.474" classname="com.webdriveruniversity.testcases.Buttons_Page_Test"/>
  <testcase name="TestCase_009" time="3.034" classname="com.webdriveruniversity.testcases.Buttons_Page_Test"/>
  <testcase name="TestCase_008" time="0.878" classname="com.webdriveruniversity.testcases.Buttons_Page_Test"/>
  <testcase name="TestCase_007" time="0.910" classname="com.webdriveruniversity.testcases.Buttons_Page_Test"/>
</testsuite> <!-- com.webdriveruniversity.testcases.Buttons_Page_Test -->
