<?xml version="1.0" encoding="UTF-8"?>
<!-- Generated by org.testng.reporters.JUnitReportReporter -->
<testsuite skipped="0" hostname="DESKTOP-NALDS22" name="com.webdriveruniversity.testcases.DCR_Page_Test" tests="9" failures="0" timestamp="09 Jul 2022 08:51:57 GMT" time="9.378" errors="0">
  <testcase name="Test_Case_027" time="1.083" classname="com.webdriveruniversity.testcases.DCR_Page_Test"/>
  <testcase name="Test_Case_020" time="1.850" classname="com.webdriveruniversity.testcases.DCR_Page_Test"/>
  <testcase name="Test_Case_022" time="1.903" classname="com.webdriveruniversity.testcases.DCR_Page_Test"/>
  <testcase name="Test_Case_021" time="1.904" classname="com.webdriveruniversity.testcases.DCR_Page_Test"/>
  <testcase name="Test_Case_024" time="0.175" classname="com.webdriveruniversity.testcases.DCR_Page_Test"/>
  <testcase name="Test_Case_023" time="0.211" classname="com.webdriveruniversity.testcases.DCR_Page_Test"/>
  <testcase name="Test_Case_019" time="1.906" classname="com.webdriveruniversity.testcases.DCR_Page_Test"/>
  <testcase name="Test_Case_025" time="0.174" classname="com.webdriveruniversity.testcases.DCR_Page_Test"/>
  <testcase name="Test_Case_026" time="0.172" classname="com.webdriveruniversity.testcases.DCR_Page_Test"/>
</testsuite> <!-- com.webdriveruniversity.testcases.DCR_Page_Test -->
