<?xml version="1.0" encoding="UTF-8"?>
<!-- Generated by org.testng.reporters.JUnitReportReporter -->
<testsuite skipped="0" hostname="DESKTOP-NALDS22" name="com.webdriveruniversity.testcases.To_do_List_Test" tests="9" failures="0" timestamp="23 Jun 2022 07:52:44 GMT" time="5.770" errors="0">
  <testcase name="Test_Case_011" time="0.130" classname="com.webdriveruniversity.testcases.To_do_List_Test"/>
  <testcase name="Test_Case_016" time="0.125" classname="com.webdriveruniversity.testcases.To_do_List_Test"/>
  <testcase name="Test_Case_018" time="0.671" classname="com.webdriveruniversity.testcases.To_do_List_Test"/>
  <testcase name="Test_Case_015" time="0.138" classname="com.webdriveruniversity.testcases.To_do_List_Test"/>
  <testcase name="Test_Case_012" time="0.774" classname="com.webdriveruniversity.testcases.To_do_List_Test"/>
  <testcase name="Test_Case_010" time="1.818" classname="com.webdriveruniversity.testcases.To_do_List_Test"/>
  <testcase name="Test_Case_014" time="0.150" classname="com.webdriveruniversity.testcases.To_do_List_Test"/>
  <testcase name="Test_Case_013" time="0.119" classname="com.webdriveruniversity.testcases.To_do_List_Test"/>
  <testcase name="Test_Case_017" time="1.845" classname="com.webdriveruniversity.testcases.To_do_List_Test"/>
</testsuite> <!-- com.webdriveruniversity.testcases.To_do_List_Test -->
