<?xml version="1.0" encoding="UTF-8"?>
<!-- Generated by org.testng.reporters.JUnitReportReporter -->
<testsuite skipped="0" hostname="DESKTOP-NALDS22" name="com.webdriveruniversity.testcases.Ajax_Loader_Page_Test" tests="2" failures="0" timestamp="03 Sep 2022 07:00:13 GMT" time="8.932" errors="0">
  <testcase name="Test_Case_029" time="7.372" classname="com.webdriveruniversity.testcases.Ajax_Loader_Page_Test"/>
  <testcase name="Test_Case_028" time="1.560" classname="com.webdriveruniversity.testcases.Ajax_Loader_Page_Test"/>
</testsuite> <!-- com.webdriveruniversity.testcases.Ajax_Loader_Page_Test -->
