<?xml version="1.0" encoding="UTF-8"?>
<!-- Generated by org.testng.reporters.JUnitReportReporter -->
<testsuite skipped="0" hostname="DESKTOP-NALDS22" name="com.webdriveruniversity.testcases.To_do_List_Test" tests="9" failures="0" timestamp="09 Jul 2022 08:51:57 GMT" time="5.231" errors="0">
  <testcase name="Test_Case_015" time="0.157" classname="com.webdriveruniversity.testcases.To_do_List_Test"/>
  <testcase name="Test_Case_016" time="0.186" classname="com.webdriveruniversity.testcases.To_do_List_Test"/>
  <testcase name="Test_Case_017" time="1.868" classname="com.webdriveruniversity.testcases.To_do_List_Test"/>
  <testcase name="Test_Case_018" time="0.584" classname="com.webdriveruniversity.testcases.To_do_List_Test"/>
  <testcase name="Test_Case_010" time="1.140" classname="com.webdriveruniversity.testcases.To_do_List_Test"/>
  <testcase name="Test_Case_012" time="0.798" classname="com.webdriveruniversity.testcases.To_do_List_Test"/>
  <testcase name="Test_Case_014" time="0.180" classname="com.webdriveruniversity.testcases.To_do_List_Test"/>
  <testcase name="Test_Case_013" time="0.189" classname="com.webdriveruniversity.testcases.To_do_List_Test"/>
  <testcase name="Test_Case_011" time="0.129" classname="com.webdriveruniversity.testcases.To_do_List_Test"/>
</testsuite> <!-- com.webdriveruniversity.testcases.To_do_List_Test -->
