<?xml version="1.0" encoding="UTF-8"?>
<!-- Generated by org.testng.reporters.JUnitReportReporter -->
<testsuite skipped="0" hostname="DESKTOP-NALDS22" name="com.webdriveruniversity.testcases.Login_Page_Test" tests="5" failures="0" timestamp="23 Jun 2022 07:52:44 GMT" time="4.253" errors="0">
  <testcase name="TestCase_002" time="1.421" classname="com.webdriveruniversity.testcases.Login_Page_Test"/>
  <testcase name="TestCase_004" time="0.500" classname="com.webdriveruniversity.testcases.Login_Page_Test"/>
  <testcase name="TestCase_005" time="0.437" classname="com.webdriveruniversity.testcases.Login_Page_Test"/>
  <testcase name="TestCase_003" time="0.541" classname="com.webdriveruniversity.testcases.Login_Page_Test"/>
  <testcase name="TestCase_001" time="1.354" classname="com.webdriveruniversity.testcases.Login_Page_Test"/>
</testsuite> <!-- com.webdriveruniversity.testcases.Login_Page_Test -->
