<?xml version="1.0" encoding="UTF-8"?>
<!-- Generated by org.testng.reporters.JUnitReportReporter -->
<testsuite skipped="0" hostname="DESKTOP-NALDS22" name="com.webdriveruniversity.testcases.Scrolling_Page_Test" tests="5" failures="0" timestamp="04 Jul 2022 09:13:01 GMT" time="2.908" errors="0">
  <testcase name="Test_Case_041" time="0.209" classname="com.webdriveruniversity.testcases.Scrolling_Page_Test"/>
  <testcase name="Test_Case_040" time="0.213" classname="com.webdriveruniversity.testcases.Scrolling_Page_Test"/>
  <testcase name="Test_Case_042" time="1.279" classname="com.webdriveruniversity.testcases.Scrolling_Page_Test"/>
  <testcase name="Test_Case_039" time="0.211" classname="com.webdriveruniversity.testcases.Scrolling_Page_Test"/>
  <testcase name="Test_Case_038" time="0.996" classname="com.webdriveruniversity.testcases.Scrolling_Page_Test"/>
</testsuite> <!-- com.webdriveruniversity.testcases.Scrolling_Page_Test -->
