<?xml version="1.0" encoding="UTF-8"?>
<!-- Generated by org.testng.reporters.JUnitReportReporter -->
<testsuite skipped="0" hostname="DESKTOP-NALDS22" name="com.webdriveruniversity.testcases.Login_Page_Test" tests="5" failures="0" timestamp="15 Jun 2022 07:02:55 GMT" time="4.248" errors="0">
  <testcase name="TestCase_004" time="0.489" classname="com.webdriveruniversity.testcases.Login_Page_Test"/>
  <testcase name="TestCase_005" time="0.438" classname="com.webdriveruniversity.testcases.Login_Page_Test"/>
  <testcase name="TestCase_003" time="0.446" classname="com.webdriveruniversity.testcases.Login_Page_Test"/>
  <testcase name="TestCase_002" time="1.093" classname="com.webdriveruniversity.testcases.Login_Page_Test"/>
  <testcase name="TestCase_001" time="1.782" classname="com.webdriveruniversity.testcases.Login_Page_Test"/>
</testsuite> <!-- com.webdriveruniversity.testcases.Login_Page_Test -->
