<?xml version="1.0" encoding="UTF-8"?>
<!-- Generated by org.testng.reporters.JUnitReportReporter -->
<testsuite skipped="0" hostname="DESKTOP-NALDS22" name="com.webdriveruniversity.testcases.Actions_Page_Test" tests="8" failures="0" timestamp="23 Jun 2022 04:55:43 GMT" time="14.206" errors="0">
  <testcase name="Test_Case_030" time="1.567" classname="com.webdriveruniversity.testcases.Actions_Page_Test"/>
  <testcase name="Test_Case_037" time="0.271" classname="com.webdriveruniversity.testcases.Actions_Page_Test"/>
  <testcase name="Test_Case_031" time="0.476" classname="com.webdriveruniversity.testcases.Actions_Page_Test"/>
  <testcase name="Test_Case_036" time="2.372" classname="com.webdriveruniversity.testcases.Actions_Page_Test"/>
  <testcase name="Test_Case_033" time="2.443" classname="com.webdriveruniversity.testcases.Actions_Page_Test"/>
  <testcase name="Test_Case_032" time="2.265" classname="com.webdriveruniversity.testcases.Actions_Page_Test"/>
  <testcase name="Test_Case_035" time="2.410" classname="com.webdriveruniversity.testcases.Actions_Page_Test"/>
  <testcase name="Test_Case_034" time="2.402" classname="com.webdriveruniversity.testcases.Actions_Page_Test"/>
</testsuite> <!-- com.webdriveruniversity.testcases.Actions_Page_Test -->
