<?xml version="1.0" encoding="UTF-8"?>
<!-- Generated by org.testng.reporters.JUnitReportReporter -->
<testsuite skipped="0" hostname="DESKTOP-NALDS22" name="com.webdriveruniversity.testcases.Buttons_Page_Test" tests="4" failures="0" timestamp="15 Jun 2022 07:02:55 GMT" time="10.110" errors="0">
  <testcase name="TestCase_008" time="2.277" classname="com.webdriveruniversity.testcases.Buttons_Page_Test"/>
  <testcase name="TestCase_006" time="1.095" classname="com.webdriveruniversity.testcases.Buttons_Page_Test"/>
  <testcase name="TestCase_007" time="2.276" classname="com.webdriveruniversity.testcases.Buttons_Page_Test"/>
  <testcase name="TestCase_009" time="4.462" classname="com.webdriveruniversity.testcases.Buttons_Page_Test"/>
</testsuite> <!-- com.webdriveruniversity.testcases.Buttons_Page_Test -->
