<?xml version="1.0" encoding="UTF-8"?>
<!-- Generated by org.testng.reporters.JUnitReportReporter -->
<testsuite skipped="0" hostname="DESKTOP-NALDS22" name="com.webdriveruniversity.testcases.Login_Page_Test" tests="5" failures="0" timestamp="23 Jun 2022 04:55:43 GMT" time="5.634" errors="0">
  <testcase name="TestCase_001" time="2.057" classname="com.webdriveruniversity.testcases.Login_Page_Test"/>
  <testcase name="TestCase_003" time="0.784" classname="com.webdriveruniversity.testcases.Login_Page_Test"/>
  <testcase name="TestCase_002" time="1.390" classname="com.webdriveruniversity.testcases.Login_Page_Test"/>
  <testcase name="TestCase_005" time="0.675" classname="com.webdriveruniversity.testcases.Login_Page_Test"/>
  <testcase name="TestCase_004" time="0.728" classname="com.webdriveruniversity.testcases.Login_Page_Test"/>
</testsuite> <!-- com.webdriveruniversity.testcases.Login_Page_Test -->
