<?xml version="1.0" encoding="UTF-8"?>
<!-- Generated by org.testng.reporters.JUnitReportReporter -->
<testsuite skipped="0" hostname="DESKTOP-NALDS22" name="com.webdriveruniversity.testcases.Buttons_Page_Test" tests="4" failures="0" timestamp="22 Jun 2022 08:00:37 GMT" time="9.627" errors="0">
  <testcase name="TestCase_008" time="2.191" classname="com.webdriveruniversity.testcases.Buttons_Page_Test"/>
  <testcase name="TestCase_006" time="0.872" classname="com.webdriveruniversity.testcases.Buttons_Page_Test"/>
  <testcase name="TestCase_007" time="2.246" classname="com.webdriveruniversity.testcases.Buttons_Page_Test"/>
  <testcase name="TestCase_009" time="4.318" classname="com.webdriveruniversity.testcases.Buttons_Page_Test"/>
</testsuite> <!-- com.webdriveruniversity.testcases.Buttons_Page_Test -->
